<?xml version="1.0" encoding="UTF-8"?>
<testsuite name="ru.stqa.ptf.addressbook.tests.ContactModificationTests" tests="1" skipped="0" failures="1" errors="0" timestamp="2020-02-17T18:09:18" hostname="DESKTOP-SR5JB9I" time="55.578">
  <properties/>
  <testcase name="testContactModification" classname="ru.stqa.ptf.addressbook.tests.ContactModificationTests" time="55.578">
    <failure message="java.lang.AssertionError: &#10;Expected: &lt;[ContactData{id=33, firstname='jon 1', lastname='smith 1'}, ContactData{id=28, firstname='jon 2', lastname='smith 2'}, ContactData{id=31, firstname='jon 2', lastname='smith 2'}, ContactData{id=34, firstname='jon 2', lastname='smith 2'}, ContactData{id=32, firstname='jon1', lastname='smit1'}, ContactData{id=27, firstname='jon 1', lastname='smith 1'}, ContactData{id=30, firstname='jon 1', lastname='smith 1'}, ContactData{id=24, firstname='jon1', lastname='smit1'}, ContactData{id=26, firstname='jon 0', lastname='smith 0'}, ContactData{id=29, firstname='jon 0', lastname='smith 0'}, ContactData{id=36, firstname='jon 1', lastname='smith 1'}, ContactData{id=17, firstname='jon1', lastname='smit1'}, ContactData{id=35, firstname='jon 0', lastname='smith 0'}, ContactData{id=37, firstname='jon 2', lastname='smith 2'}, ContactData{id=25, firstname='jon1', lastname='smit1'}]&gt;&#10;     but: was &lt;[ContactData{id=32, firstname='jon1', lastname='smit1'}, ContactData{id=33, firstname='jon 1', lastname='smith 1'}, ContactData{id=28, firstname='jon 2', lastname='smith 2'}, ContactData{id=31, firstname='jon 2', lastname='smith 2'}, ContactData{id=34, firstname='jon 2', lastname='smith 2'}, ContactData{id=27, firstname='jon 1', lastname='smith 1'}, ContactData{id=30, firstname='jon 1', lastname='smith 1'}, ContactData{id=24, firstname='jon1', lastname='smit1'}, ContactData{id=26, firstname='jon 0', lastname='smith 0'}, ContactData{id=29, firstname='jon 0', lastname='smith 0'}, ContactData{id=36, firstname='jon 1', lastname='smith 1'}, ContactData{id=17, firstname='jon1', lastname='smit1'}, ContactData{id=35, firstname='jon 0', lastname='smith 0'}, ContactData{id=37, firstname='jon 2', lastname='smith 2'}, ContactData{id=25, firstname='jon1', lastname='smit1'}]&gt;" type="java.lang.AssertionError">java.lang.AssertionError: 
Expected: &lt;[ContactData{id=33, firstname='jon 1', lastname='smith 1'}, ContactData{id=28, firstname='jon 2', lastname='smith 2'}, ContactData{id=31, firstname='jon 2', lastname='smith 2'}, ContactData{id=34, firstname='jon 2', lastname='smith 2'}, ContactData{id=32, firstname='jon1', lastname='smit1'}, ContactData{id=27, firstname='jon 1', lastname='smith 1'}, ContactData{id=30, firstname='jon 1', lastname='smith 1'}, ContactData{id=24, firstname='jon1', lastname='smit1'}, ContactData{id=26, firstname='jon 0', lastname='smith 0'}, ContactData{id=29, firstname='jon 0', lastname='smith 0'}, ContactData{id=36, firstname='jon 1', lastname='smith 1'}, ContactData{id=17, firstname='jon1', lastname='smit1'}, ContactData{id=35, firstname='jon 0', lastname='smith 0'}, ContactData{id=37, firstname='jon 2', lastname='smith 2'}, ContactData{id=25, firstname='jon1', lastname='smit1'}]&gt;
     but: was &lt;[ContactData{id=32, firstname='jon1', lastname='smit1'}, ContactData{id=33, firstname='jon 1', lastname='smith 1'}, ContactData{id=28, firstname='jon 2', lastname='smith 2'}, ContactData{id=31, firstname='jon 2', lastname='smith 2'}, ContactData{id=34, firstname='jon 2', lastname='smith 2'}, ContactData{id=27, firstname='jon 1', lastname='smith 1'}, ContactData{id=30, firstname='jon 1', lastname='smith 1'}, ContactData{id=24, firstname='jon1', lastname='smit1'}, ContactData{id=26, firstname='jon 0', lastname='smith 0'}, ContactData{id=29, firstname='jon 0', lastname='smith 0'}, ContactData{id=36, firstname='jon 1', lastname='smith 1'}, ContactData{id=17, firstname='jon1', lastname='smit1'}, ContactData{id=35, firstname='jon 0', lastname='smith 0'}, ContactData{id=37, firstname='jon 2', lastname='smith 2'}, ContactData{id=25, firstname='jon1', lastname='smit1'}]&gt;
	at org.hamcrest.MatcherAssert.assertThat(MatcherAssert.java:18)
	at org.hamcrest.MatcherAssert.assertThat(MatcherAssert.java:6)
	at ru.stqa.ptf.addressbook.tests.ContactModificationTests.testContactModification(ContactModificationTests.java:33)
	at sun.reflect.NativeMethodAccessorImpl.invoke0(Native Method)
	at sun.reflect.NativeMethodAccessorImpl.invoke(NativeMethodAccessorImpl.java:62)
	at sun.reflect.DelegatingMethodAccessorImpl.invoke(DelegatingMethodAccessorImpl.java:43)
	at java.lang.reflect.Method.invoke(Method.java:498)
	at org.testng.internal.MethodInvocationHelper.invokeMethod(MethodInvocationHelper.java:133)
	at org.testng.internal.TestInvoker.invokeMethod(TestInvoker.java:584)
	at org.testng.internal.TestInvoker.invokeTestMethod(TestInvoker.java:172)
	at org.testng.internal.MethodRunner.runInSequence(MethodRunner.java:46)
	at org.testng.internal.TestInvoker$MethodInvocationAgent.invoke(TestInvoker.java:804)
	at org.testng.internal.TestInvoker.invokeTestMethods(TestInvoker.java:145)
	at org.testng.internal.TestMethodWorker.invokeTestMethods(TestMethodWorker.java:146)
	at org.testng.internal.TestMethodWorker.run(TestMethodWorker.java:128)
	at java.util.ArrayList.forEach(ArrayList.java:1257)
	at org.testng.TestRunner.privateRun(TestRunner.java:770)
	at org.testng.TestRunner.run(TestRunner.java:591)
	at org.testng.SuiteRunner.runTest(SuiteRunner.java:402)
	at org.testng.SuiteRunner.runSequentially(SuiteRunner.java:396)
	at org.testng.SuiteRunner.privateRun(SuiteRunner.java:355)
	at org.testng.SuiteRunner.run(SuiteRunner.java:304)
	at org.testng.SuiteRunnerWorker.runSuite(SuiteRunnerWorker.java:53)
	at org.testng.SuiteRunnerWorker.run(SuiteRunnerWorker.java:96)
	at org.testng.TestNG.runSuitesSequentially(TestNG.java:1180)
	at org.testng.TestNG.runSuitesLocally(TestNG.java:1102)
	at org.testng.TestNG.runSuites(TestNG.java:1032)
	at org.testng.TestNG.run(TestNG.java:1000)
	at org.gradle.api.internal.tasks.testing.testng.TestNGTestClassProcessor.runTests(TestNGTestClassProcessor.java:141)
	at org.gradle.api.internal.tasks.testing.testng.TestNGTestClassProcessor.stop(TestNGTestClassProcessor.java:90)
	at org.gradle.api.internal.tasks.testing.SuiteTestClassProcessor.stop(SuiteTestClassProcessor.java:61)
	at sun.reflect.NativeMethodAccessorImpl.invoke0(Native Method)
	at sun.reflect.NativeMethodAccessorImpl.invoke(NativeMethodAccessorImpl.java:62)
	at sun.reflect.DelegatingMethodAccessorImpl.invoke(DelegatingMethodAccessorImpl.java:43)
	at java.lang.reflect.Method.invoke(Method.java:498)
	at org.gradle.internal.dispatch.ReflectionDispatch.dispatch(ReflectionDispatch.java:36)
	at org.gradle.internal.dispatch.ReflectionDispatch.dispatch(ReflectionDispatch.java:24)
	at org.gradle.internal.dispatch.ContextClassLoaderDispatch.dispatch(ContextClassLoaderDispatch.java:33)
	at org.gradle.internal.dispatch.ProxyDispatchAdapter$DispatchingInvocationHandler.invoke(ProxyDispatchAdapter.java:94)
	at com.sun.proxy.$Proxy2.stop(Unknown Source)
	at org.gradle.api.internal.tasks.testing.worker.TestWorker.stop(TestWorker.java:132)
	at sun.reflect.NativeMethodAccessorImpl.invoke0(Native Method)
	at sun.reflect.NativeMethodAccessorImpl.invoke(NativeMethodAccessorImpl.java:62)
	at sun.reflect.DelegatingMethodAccessorImpl.invoke(DelegatingMethodAccessorImpl.java:43)
	at java.lang.reflect.Method.invoke(Method.java:498)
	at org.gradle.internal.dispatch.ReflectionDispatch.dispatch(ReflectionDispatch.java:36)
	at org.gradle.internal.dispatch.ReflectionDispatch.dispatch(ReflectionDispatch.java:24)
	at org.gradle.internal.remote.internal.hub.MessageHubBackedObjectConnection$DispatchWrapper.dispatch(MessageHubBackedObjectConnection.java:182)
	at org.gradle.internal.remote.internal.hub.MessageHubBackedObjectConnection$DispatchWrapper.dispatch(MessageHubBackedObjectConnection.java:164)
	at org.gradle.internal.remote.internal.hub.MessageHub$Handler.run(MessageHub.java:412)
	at org.gradle.internal.concurrent.ExecutorPolicy$CatchAndRecordFailures.onExecute(ExecutorPolicy.java:64)
	at org.gradle.internal.concurrent.ManagedExecutorImpl$1.run(ManagedExecutorImpl.java:48)
	at java.util.concurrent.ThreadPoolExecutor.runWorker(ThreadPoolExecutor.java:1149)
	at java.util.concurrent.ThreadPoolExecutor$Worker.run(ThreadPoolExecutor.java:624)
	at org.gradle.internal.concurrent.ThreadFactoryImpl$ManagedThreadRunnable.run(ThreadFactoryImpl.java:56)
	at java.lang.Thread.run(Thread.java:748)
</failure>
  </testcase>
  <system-out><![CDATA[23:09:18.423 [Test worker] INFO  r.s.ptf.addressbook.tests.TestBase - Start test testContactModification with parameters []
Hibernate: select c1_0.id, c1_0.address, c1_0.email, c1_0.email2, c1_0.email3, c1_0.firstname, c1_0.home, c1_0.lastname, c1_0.mobile, c1_0.photo, c1_0.work from addressbook as c1_0
Hibernate: select c1_0.id, c1_0.address, c1_0.email, c1_0.email2, c1_0.email3, c1_0.firstname, c1_0.home, c1_0.lastname, c1_0.mobile, c1_0.photo, c1_0.work from addressbook as c1_0
Hibernate: select c1_0.id, c1_0.address, c1_0.email, c1_0.email2, c1_0.email3, c1_0.firstname, c1_0.home, c1_0.lastname, c1_0.mobile, c1_0.photo, c1_0.work from addressbook as c1_0
23:10:14.397 [Test worker] INFO  r.s.ptf.addressbook.tests.TestBase - Stop test testContactModification
]]></system-out>
  <system-err><![CDATA[]]></system-err>
</testsuite>
